Build started 29.1.2014 1:25:50.
     1>Project "C:\Users\SlooBo\Documents\GitHub\Kossu\Kossu\project\Kossu\Kossu.vcxproj" on node 2 (build target(s)).
     1>InitializeBuildStatus:
         Creating "Debug\Kossu.unsuccessfulbuild" because "AlwaysCreate" was specified.
       ClCompile:
         C:\Program Files (x86)\Microsoft Visual Studio 10.0\VC\bin\CL.exe /c /IC:\Users\SlooBo\Documents\GitHub\Kossu\Kossu\project\\..\SFML\include\ /ZI /nologo /W3 /WX- /Od /Oy- /D WIN32 /D _DEBUG /D _CONSOLE /D _UNICODE /D UNICODE /Gm /EHsc /RTC1 /MDd /GS /fp:precise /Zc:wchar_t /Zc:forScope /Fo"Debug\\" /Fd"Debug\vc100.pdb" /Gd /TP /analyze- /errorReport:prompt main.cpp
         main.cpp
       Link:
         C:\Program Files (x86)\Microsoft Visual Studio 10.0\VC\bin\link.exe /ERRORREPORT:PROMPT /OUT:"C:\Users\SlooBo\Documents\GitHub\Kossu\Kossu\project\Debug\Kossu.exe" /INCREMENTAL:NO /NOLOGO /LIBPATH:C:\Users\SlooBo\Documents\GitHub\Kossu\Kossu\project\/../SFML/lib "sfml-graphics-d.lib" "sfml-window-d.lib" "sfml-system-d.lib" kernel32.lib user32.lib gdi32.lib winspool.lib comdlg32.lib advapi32.lib shell32.lib ole32.lib oleaut32.lib uuid.lib odbc32.lib odbccp32.lib kernel32.lib user32.lib gdi32.lib winspool.lib comdlg32.lib advapi32.lib shell32.lib ole32.lib oleaut32.lib uuid.lib odbc32.lib odbccp32.lib /MANIFEST /ManifestFile:"Debug\Kossu.exe.intermediate.manifest" /MANIFESTUAC:"level='asInvoker' uiAccess='false'" /DEBUG /PDB:"C:\Users\SlooBo\Documents\GitHub\Kossu\Kossu\project\Debug\Kossu.pdb" /SUBSYSTEM:CONSOLE /TLBID:1 /DYNAMICBASE /NXCOMPAT /IMPLIB:"C:\Users\SlooBo\Documents\GitHub\Kossu\Kossu\project\Debug\Kossu.lib" /MACHINE:X86 Debug\Game.obj
         Debug\input.obj
         Debug\main.obj
         Debug\Mainmenu.obj
     1>Game.obj : warning LNK4075: ignoring '/EDITANDCONTINUE' due to '/INCREMENTAL:NO' specification
         Kossu.vcxproj -> C:\Users\SlooBo\Documents\GitHub\Kossu\Kossu\project\Debug\Kossu.exe
       Manifest:
         C:\Program Files (x86)\Microsoft SDKs\Windows\v7.0A\bin\mt.exe /nologo /verbose /outputresource:"C:\Users\SlooBo\Documents\GitHub\Kossu\Kossu\project\Debug\Kossu.exe;#1" /manifest Debug\Kossu.exe.intermediate.manifest
       FinalizeBuildStatus:
         Deleting file "Debug\Kossu.unsuccessfulbuild".
         Touching "Debug\Kossu.lastbuildstate".
     1>Done Building Project "C:\Users\SlooBo\Documents\GitHub\Kossu\Kossu\project\Kossu\Kossu.vcxproj" (build target(s)).

Build succeeded.

Time Elapsed 00:00:00.94
